
====== Starting at Sat Oct 12 03:42:22 UTC 2024 ======
签到成功,该用户今日已签到
查询积分成功，木子当前积分为4
签到成功,该用户今日已签到
查询积分成功，川一当前积分为104
==== Chagee Finished, starting Commune  ====
今日已签到，请明天再来！
今日已签到，请明天再来！
========= All Finished ========
====== Starting at Sun Oct 13 00:35:04 UTC 2024 ======
签到成功,ok
查询积分成功，木子当前积分为5
签到成功,ok
查询积分成功，川一当前积分为105
==== Chagee Finished, starting Commune  ====
Commune签到失败(授权码失效，请刷新重试)
Commune签到失败(授权码失效，请刷新重试)
========= All Finished ========
====== Starting at Sun Oct 13 00:40:58 UTC 2024 ======
签到成功,该用户今日已签到
查询积分成功，木子当前积分为5
签到成功,该用户今日已签到
查询积分成功，川一当前积分为105
==== Chagee Finished, starting Commune  ====
Commune签到失败(授权码失效，请刷新重试)
Commune签到失败(授权码失效，请刷新重试)
========= All Finished ========
====== Starting at Mon Oct 14 00:39:50 UTC 2024 ======
签到成功,ok
查询积分成功，木子当前积分为6
签到成功,ok
查询积分成功，川一当前积分为106
==== Chagee Finished, starting Commune  ====
Commune签到失败(授权码失效，请刷新重试)
Commune签到失败(授权码失效，请刷新重试)
========= All Finished ========
====== Starting at Tue Oct 15 09:50:26 HKT 2024 ======
签到成功,该用户今日已签到
查询积分成功，木子当前积分为11
签到成功,该用户今日已签到
查询积分成功，川一当前积分为111
======= Chagee Finished =======
====== Starting at Wed Oct 16 08:38:16 HKT 2024 ======
签到成功,ok
查询积分成功，木子当前积分为12
签到成功,ok
查询积分成功，川一当前积分为112
======= Chagee Finished =======
====== Starting at Thu Oct 17 08:37:49 HKT 2024 ======
签到成功,ok
查询积分成功，木子当前积分为13
签到成功,ok
查询积分成功，川一当前积分为113
======= Chagee Finished =======
